빌드 시작: 2015-10-07 오전 10:41:32
     1>2 노드의 "C:\Users\05NET-01\Desktop\ProgressIP\ProgressIP.vcxproj" 프로젝트(build 대상)입니다.
     1>InitializeBuildStatus:
         "AlwaysCreate"이(가) 지정되었기 때문에 "Debug\ProgressIP.unsuccessfulbuild"을(를) 만들고 있습니다.
       ClCompile:
         c:\Program Files\Microsoft Visual Studio 10.0\VC\bin\CL.exe /c /ZI /nologo /W3 /WX- /Od /Oy- /D WIN32 /D _WINDOWS /D _DEBUG /D _UNICODE /D UNICODE /D _AFXDLL /Gm /EHsc /RTC1 /MDd /GS /fp:precise /Zc:wchar_t /Zc:forScope /Yc"StdAfx.h" /Fp"Debug\ProgressIP.pch" /Fo"Debug\\" /Fd"Debug\vc100.pdb" /Gd /TP /analyze- /errorReport:prompt stdafx.cpp
         stdafx.cpp
         c:\Program Files\Microsoft Visual Studio 10.0\VC\bin\CL.exe /c /ZI /nologo /W3 /WX- /Od /Oy- /D WIN32 /D _WINDOWS /D _DEBUG /D _UNICODE /D UNICODE /D _AFXDLL /Gm /EHsc /RTC1 /MDd /GS /fp:precise /Zc:wchar_t /Zc:forScope /Yu"StdAfx.h" /Fp"Debug\ProgressIP.pch" /Fo"Debug\\" /Fd"Debug\vc100.pdb" /Gd /TP /analyze- /errorReport:prompt ProgressIP.cpp ProgressIPDlg.cpp
         ProgressIPDlg.cpp
         ProgressIP.cpp
         코드를 생성하고 있습니다...
       ResourceCompile:
         C:\Program Files\Microsoft SDKs\Windows\v7.0A\bin\rc.exe /D _DEBUG /D _UNICODE /D UNICODE /D _AFXDLL /l"0x0412" /IDebug\ /nologo /fo"Debug\ProgressIP.res" ProgressIP.rc 
       ManifestResourceCompile:
         C:\Program Files\Microsoft SDKs\Windows\v7.0A\bin\rc.exe /nologo /fo"Debug\ProgressIP.exe.embed.manifest.res" Debug\ProgressIP_manifest.rc 
       Link:
         c:\Program Files\Microsoft Visual Studio 10.0\VC\bin\link.exe /ERRORREPORT:PROMPT /OUT:"C:\Users\05NET-01\Desktop\ProgressIP\Debug\ProgressIP.exe" /INCREMENTAL /NOLOGO /MANIFEST /ManifestFile:"Debug\ProgressIP.exe.intermediate.manifest" /MANIFESTUAC:"level='asInvoker' uiAccess='false'" /DEBUG /PDB:"C:\Users\05NET-01\Desktop\ProgressIP\Debug\ProgressIP.pdb" /SUBSYSTEM:WINDOWS /TLBID:1 /ENTRY:"wWinMainCRTStartup" /DYNAMICBASE /NXCOMPAT /IMPLIB:"C:\Users\05NET-01\Desktop\ProgressIP\Debug\ProgressIP.lib" /MACHINE:X86 Debug\ProgressIP.res
         Debug\ProgressIP.exe.embed.manifest.res
         Debug\ProgressIP.obj
         Debug\ProgressIPDlg.obj
         Debug\stdafx.obj
       Manifest:
         C:\Program Files\Microsoft SDKs\Windows\v7.0A\bin\mt.exe /nologo /verbose /out:"Debug\ProgressIP.exe.embed.manifest" /manifest Debug\ProgressIP.exe.intermediate.manifest "c:\Program Files\Microsoft Visual Studio 10.0\VC\Include\Manifest\dpiaware.manifest"
         C:\Program Files\Microsoft SDKs\Windows\v7.0A\bin\rc.exe /nologo /fo"Debug\ProgressIP.exe.embed.manifest.res" Debug\ProgressIP_manifest.rc 
       LinkEmbedManifest:
         c:\Program Files\Microsoft Visual Studio 10.0\VC\bin\link.exe /ERRORREPORT:PROMPT /OUT:"C:\Users\05NET-01\Desktop\ProgressIP\Debug\ProgressIP.exe" /INCREMENTAL /NOLOGO /MANIFEST /ManifestFile:"Debug\ProgressIP.exe.intermediate.manifest" /MANIFESTUAC:"level='asInvoker' uiAccess='false'" /DEBUG /PDB:"C:\Users\05NET-01\Desktop\ProgressIP\Debug\ProgressIP.pdb" /SUBSYSTEM:WINDOWS /TLBID:1 /ENTRY:"wWinMainCRTStartup" /DYNAMICBASE /NXCOMPAT /IMPLIB:"C:\Users\05NET-01\Desktop\ProgressIP\Debug\ProgressIP.lib" /MACHINE:X86 Debug\ProgressIP.res
         Debug\ProgressIP.exe.embed.manifest.res
         Debug\ProgressIP.obj
         Debug\ProgressIPDlg.obj
         Debug\stdafx.obj
         ProgressIP.vcxproj -> C:\Users\05NET-01\Desktop\ProgressIP\Debug\ProgressIP.exe
       FinalizeBuildStatus:
         "Debug\ProgressIP.unsuccessfulbuild" 파일을 삭제하고 있습니다.
         "Debug\ProgressIP.lastbuildstate"에 연결(touching)하고 있습니다.
     1>"C:\Users\05NET-01\Desktop\ProgressIP\ProgressIP.vcxproj" 프로젝트를 빌드했습니다(build 대상).

빌드했습니다.

경과 시간: 00:00:21.04
